生成启动时间为 2017/12/21 12:05:38。
     1>项目“G:\win10专用\VS\Q139\Q139\Q139.vcxproj”在节点 2 上(Build 个目标)。
     1>ClCompile:
         G:\win10专用\VS2013\VC\bin\CL.exe /c /ZI /nologo /W3 /WX- /sdl /Od /Oy- /D _MBCS /Gm /EHsc /RTC1 /MDd /GS /fp:precise /Zc:wchar_t /Zc:forScope /Fo"Debug\\" /Fd"Debug\vc120.pdb" /Gd /TP /analyze- /errorReport:prompt Main.cpp
         Main.cpp
     1>g:\win10专用\vs\q139\q139\main.cpp(94): warning C4018: “<”: 有符号/无符号不匹配
     1>g:\win10专用\vs\q139\q139\main.cpp(101): warning C4018: “<”: 有符号/无符号不匹配
     1>g:\win10专用\vs\q139\q139\main.cpp(131): warning C4018: “<”: 有符号/无符号不匹配
     1>g:\win10专用\vs\q139\q139\main.cpp(136): warning C4018: “<”: 有符号/无符号不匹配
     1>g:\win10专用\vs\q139\q139\main.cpp(158): warning C4018: “<”: 有符号/无符号不匹配
     1>g:\win10专用\vs\q139\q139\main.cpp(159): warning C4018: “<”: 有符号/无符号不匹配
     1>g:\win10专用\vs\q139\q139\main.cpp(170): warning C4018: “<”: 有符号/无符号不匹配
     1>g:\win10专用\vs\q139\q139\main.cpp(171): warning C4018: “<”: 有符号/无符号不匹配
     1>g:\win10专用\vs\q139\q139\main.cpp(200): warning C4018: “<”: 有符号/无符号不匹配
       Link:
         G:\win10专用\VS2013\VC\bin\link.exe /ERRORREPORT:PROMPT /OUT:"G:\win10专用\VS\Q139\Debug\Q139.exe" /INCREMENTAL /NOLOGO kernel32.lib user32.lib gdi32.lib winspool.lib comdlg32.lib advapi32.lib shell32.lib ole32.lib oleaut32.lib uuid.lib odbc32.lib odbccp32.lib /MANIFEST /MANIFESTUAC:"level='asInvoker' uiAccess='false'" /manifest:embed /DEBUG /PDB:"G:\win10专用\VS\Q139\Debug\Q139.pdb" /TLBID:1 /DYNAMICBASE /NXCOMPAT /IMPLIB:"G:\win10专用\VS\Q139\Debug\Q139.lib" /MACHINE:X86 Debug\Main.obj
         Q139.vcxproj -> G:\win10专用\VS\Q139\Debug\Q139.exe
     1>已完成生成项目“G:\win10专用\VS\Q139\Q139\Q139.vcxproj”(Build 个目标)的操作。

生成成功。

已用时间 00:00:01.52
