生成启动时间为 2017/12/20 13:27:05。
     1>项目“G:\win10专用\VS\Q132\Q132\Q132.vcxproj”在节点 2 上(Build 个目标)。
     1>ClCompile:
         G:\win10专用\VS2013\VC\bin\CL.exe /c /ZI /W3 /WX- /sdl /Od /Oy- /D _MBCS /Gm /EHsc /RTC1 /MDd /GS /fp:precise /Zc:wchar_t /Zc:forScope /Fo"Debug\\" /Fd"Debug\vc120.pdb" /Gd /TP /analyze- /errorReport:prompt Main.cpp
         用于 x86 的 Microsoft (R) C/C++ 优化编译器 18.00.21005.1 版版权所有(C) Microsoft Corporation。  保留所有权利。
         
         cl /c /ZI /W3 /WX- /sdl /Od /Oy- /D _MBCS /Gm /EHsc /RTC1 /MDd /GS /fp:precise /Zc:wchar_t /Zc:forScope /Fo"Debug\\" /Fd"Debug\vc120.pdb" /Gd /TP /analyze- /errorReport:prompt Main.cpp
         
         Main.cpp
     1>g:\win10专用\vs\q132\q132\main.cpp(46): warning C4018: “<”: 有符号/无符号不匹配
     1>g:\win10专用\vs\q132\q132\main.cpp(58): warning C4018: “<”: 有符号/无符号不匹配
     1>g:\win10专用\vs\q132\q132\main.cpp(70): warning C4018: “<”: 有符号/无符号不匹配
     1>g:\win10专用\vs\q132\q132\main.cpp(82): warning C4018: “<”: 有符号/无符号不匹配
       Link:
         G:\win10专用\VS2013\VC\bin\link.exe /ERRORREPORT:PROMPT /OUT:"G:\win10专用\VS\Q132\Debug\Q132.exe" /INCREMENTAL kernel32.lib user32.lib gdi32.lib winspool.lib comdlg32.lib advapi32.lib shell32.lib ole32.lib oleaut32.lib uuid.lib odbc32.lib odbccp32.lib /MANIFEST /MANIFESTUAC:"level='asInvoker' uiAccess='false'" /manifest:embed /DEBUG /PDB:"G:\win10专用\VS\Q132\Debug\Q132.pdb" /TLBID:1 /DYNAMICBASE /NXCOMPAT /IMPLIB:"G:\win10专用\VS\Q132\Debug\Q132.lib" /MACHINE:X86 Debug\Main.obj
         Microsoft (R) Incremental Linker Version 12.00.21005.1
         Copyright (C) Microsoft Corporation.  All rights reserved.
         
         "/OUT:G:\win10专用\VS\Q132\Debug\Q132.exe" /INCREMENTAL kernel32.lib user32.lib gdi32.lib winspool.lib comdlg32.lib advapi32.lib shell32.lib ole32.lib oleaut32.lib uuid.lib odbc32.lib odbccp32.lib /MANIFEST "/MANIFESTUAC:level='asInvoker' uiAccess='false'" /manifest:embed /DEBUG "/PDB:G:\win10专用\VS\Q132\Debug\Q132.pdb" /TLBID:1 /DYNAMICBASE /NXCOMPAT "/IMPLIB:G:\win10专用\VS\Q132\Debug\Q132.lib" /MACHINE:X86 Debug\Main.obj 
         Q132.vcxproj -> G:\win10专用\VS\Q132\Debug\Q132.exe
     1>已完成生成项目“G:\win10专用\VS\Q132\Q132\Q132.vcxproj”(Build 个目标)的操作。

生成成功。

已用时间 00:00:00.98
